Watching for file changes with StatReloader
Successfully imported extension module "markdown.extensions.toc".
Successfully loaded extension "markdown.extensions.toc.TocExtension".
Method Not Allowed: /submit/
Successfully imported extension module "markdown.extensions.toc".
Successfully loaded extension "markdown.extensions.toc.TocExtension".
Bad Request: /submit/
C:\Users\User\PycharmProjects\Postgresql_DB\Sprint\tbase\serializers.py changed, reloading.
Watching for file changes with StatReloader
C:\Users\User\PycharmProjects\Postgresql_DB\Sprint\tbase\views.py changed, reloading.
Watching for file changes with StatReloader
C:\Users\User\PycharmProjects\Postgresql_DB\Sprint\tbase\views.py changed, reloading.
Watching for file changes with StatReloader
C:\Users\User\PycharmProjects\Postgresql_DB\Sprint\tbase\serializers.py changed, reloading.
Watching for file changes with StatReloader
C:\Users\User\PycharmProjects\Postgresql_DB\Sprint\tbase\views.py changed, reloading.
Watching for file changes with StatReloader
C:\Users\User\PycharmProjects\Postgresql_DB\Sprint\tbase\urls.py changed, reloading.
Watching for file changes with StatReloader
C:\Users\User\PycharmProjects\Postgresql_DB\Sprint\Sprint\urls.py changed, reloading.
Watching for file changes with StatReloader
C:\Users\User\PycharmProjects\Postgresql_DB\Sprint\Sprint\urls.py changed, reloading.
Watching for file changes with StatReloader
C:\Users\User\PycharmProjects\Postgresql_DB\Sprint\tbase\urls.py changed, reloading.
Watching for file changes with StatReloader
C:\Users\User\PycharmProjects\Postgresql_DB\Sprint\tbase\urls.py changed, reloading.
Watching for file changes with StatReloader
Watching for file changes with StatReloader
C:\Users\User\PycharmProjects\Postgresql_DB\Sprint\tbase\urls.py changed, reloading.
Watching for file changes with StatReloader
C:\Users\User\PycharmProjects\Postgresql_DB\Sprint\tbase\urls.py changed, reloading.
Watching for file changes with StatReloader
C:\Users\User\PycharmProjects\Postgresql_DB\Sprint\tbase\urls.py changed, reloading.
Watching for file changes with StatReloader
C:\Users\User\PycharmProjects\Postgresql_DB\Sprint\tbase\urls.py changed, reloading.
Watching for file changes with StatReloader
C:\Users\User\PycharmProjects\Postgresql_DB\Sprint\tbase\urls.py changed, reloading.
Watching for file changes with StatReloader
C:\Users\User\PycharmProjects\Postgresql_DB\Sprint\tbase\urls.py changed, reloading.
Watching for file changes with StatReloader
C:\Users\User\PycharmProjects\Postgresql_DB\Sprint\tbase\urls.py changed, reloading.
Watching for file changes with StatReloader
C:\Users\User\PycharmProjects\Postgresql_DB\Sprint\tbase\urls.py changed, reloading.
Watching for file changes with StatReloader
C:\Users\User\PycharmProjects\Postgresql_DB\Sprint\tbase\urls.py changed, reloading.
Watching for file changes with StatReloader
C:\Users\User\PycharmProjects\Postgresql_DB\Sprint\Sprint\urls.py changed, reloading.
Watching for file changes with StatReloader
C:\Users\User\PycharmProjects\Postgresql_DB\Sprint\tbase\urls.py changed, reloading.
Watching for file changes with StatReloader
Successfully imported extension module "markdown.extensions.toc".
Successfully loaded extension "markdown.extensions.toc.TocExtension".
Successfully imported extension module "markdown.extensions.toc".
Successfully loaded extension "markdown.extensions.toc.TocExtension".
Method Not Allowed: /submit/
Successfully imported extension module "markdown.extensions.toc".
Successfully loaded extension "markdown.extensions.toc.TocExtension".
Method Not Allowed: /submit/
Successfully imported extension module "markdown.extensions.toc".
Successfully loaded extension "markdown.extensions.toc.TocExtension".
Successfully imported extension module "markdown.extensions.toc".
Successfully loaded extension "markdown.extensions.toc.TocExtension".
Method Not Allowed: /submit/
C:\Users\User\PycharmProjects\Postgresql_DB\Sprint\tbase\views.py changed, reloading.
Watching for file changes with StatReloader
Successfully imported extension module "markdown.extensions.toc".
Successfully loaded extension "markdown.extensions.toc.TocExtension".
Successfully imported extension module "markdown.extensions.toc".
Successfully loaded extension "markdown.extensions.toc.TocExtension".
Method Not Allowed: /submit/
Successfully imported extension module "markdown.extensions.toc".
Successfully loaded extension "markdown.extensions.toc.TocExtension".
Method Not Allowed: /submit/
C:\Users\User\PycharmProjects\Postgresql_DB\Sprint\tbase\serializers.py changed, reloading.
Watching for file changes with StatReloader
C:\Users\User\PycharmProjects\Postgresql_DB\Sprint\tbase\views.py changed, reloading.
Watching for file changes with StatReloader
C:\Users\User\PycharmProjects\Postgresql_DB\Sprint\tbase\views.py changed, reloading.
Watching for file changes with StatReloader
C:\Users\User\PycharmProjects\Postgresql_DB\Sprint\tbase\views.py changed, reloading.
Watching for file changes with StatReloader
Successfully imported extension module "markdown.extensions.toc".
Successfully loaded extension "markdown.extensions.toc.TocExtension".
Successfully imported extension module "markdown.extensions.toc".
Successfully loaded extension "markdown.extensions.toc.TocExtension".
Method Not Allowed: /submit/
Successfully imported extension module "markdown.extensions.toc".
Successfully loaded extension "markdown.extensions.toc.TocExtension".
Method Not Allowed: /submit/
C:\Users\User\PycharmProjects\Postgresql_DB\Sprint\tbase\views.py changed, reloading.
Watching for file changes with StatReloader
C:\Users\User\PycharmProjects\Postgresql_DB\Sprint\tbase\views.py changed, reloading.
Watching for file changes with StatReloader
C:\Users\User\PycharmProjects\Postgresql_DB\Sprint\tbase\views.py changed, reloading.
Watching for file changes with StatReloader
Successfully imported extension module "markdown.extensions.toc".
Successfully loaded extension "markdown.extensions.toc.TocExtension".
Successfully imported extension module "markdown.extensions.toc".
Successfully loaded extension "markdown.extensions.toc.TocExtension".
Method Not Allowed: /submit/
Successfully imported extension module "markdown.extensions.toc".
Successfully loaded extension "markdown.extensions.toc.TocExtension".
Method Not Allowed: /submit/
C:\Users\User\PycharmProjects\Postgresql_DB\Sprint\tbase\models.py changed, reloading.
Watching for file changes with StatReloader
C:\Users\User\PycharmProjects\Postgresql_DB\Sprint\tbase\models.py changed, reloading.
Watching for file changes with StatReloader
C:\Users\User\PycharmProjects\Postgresql_DB\Sprint\tbase\serializers.py changed, reloading.
Watching for file changes with StatReloader
C:\Users\User\PycharmProjects\Postgresql_DB\Sprint\tbase\views.py changed, reloading.
Watching for file changes with StatReloader
Watching for file changes with StatReloader
Successfully imported extension module "markdown.extensions.toc".
Successfully loaded extension "markdown.extensions.toc.TocExtension".
Successfully imported extension module "markdown.extensions.toc".
Successfully loaded extension "markdown.extensions.toc.TocExtension".
Method Not Allowed: /submit/
Successfully imported extension module "markdown.extensions.toc".
Successfully loaded extension "markdown.extensions.toc.TocExtension".
Method Not Allowed: /submit/
Watching for file changes with StatReloader
Successfully imported extension module "markdown.extensions.toc".
Successfully loaded extension "markdown.extensions.toc.TocExtension".
Successfully imported extension module "markdown.extensions.toc".
Successfully loaded extension "markdown.extensions.toc.TocExtension".
Method Not Allowed: /submit/
Successfully imported extension module "markdown.extensions.toc".
Successfully loaded extension "markdown.extensions.toc.TocExtension".
Method Not Allowed: /submit/
C:\Users\User\PycharmProjects\Postgresql_DB\Sprint\tbase\serializers.py changed, reloading.
Watching for file changes with StatReloader
Watching for file changes with StatReloader
Successfully imported extension module "markdown.extensions.toc".
Successfully loaded extension "markdown.extensions.toc.TocExtension".
Successfully imported extension module "markdown.extensions.toc".
Successfully loaded extension "markdown.extensions.toc.TocExtension".
Method Not Allowed: /submit/
Successfully imported extension module "markdown.extensions.toc".
Successfully loaded extension "markdown.extensions.toc.TocExtension".
Method Not Allowed: /submit/
Successfully imported extension module "markdown.extensions.toc".
Successfully loaded extension "markdown.extensions.toc.TocExtension".
Successfully imported extension module "markdown.extensions.toc".
Successfully loaded extension "markdown.extensions.toc.TocExtension".
Bad Request: /submit/
Successfully imported extension module "markdown.extensions.toc".
Successfully loaded extension "markdown.extensions.toc.TocExtension".
Watching for file changes with StatReloader
Successfully imported extension module "markdown.extensions.toc".
Successfully loaded extension "markdown.extensions.toc.TocExtension".
Successfully imported extension module "markdown.extensions.toc".
Successfully loaded extension "markdown.extensions.toc.TocExtension".
Method Not Allowed: /submit/
Successfully imported extension module "markdown.extensions.toc".
Successfully loaded extension "markdown.extensions.toc.TocExtension".
Method Not Allowed: /submit/
C:\Users\User\PycharmProjects\Postgresql_DB\Sprint\tbase\views.py changed, reloading.
Watching for file changes with StatReloader
C:\Users\User\PycharmProjects\Postgresql_DB\Sprint\tbase\views.py changed, reloading.
Watching for file changes with StatReloader
C:\Users\User\PycharmProjects\Postgresql_DB\Sprint\tbase\models.py changed, reloading.
Watching for file changes with StatReloader
C:\Users\User\PycharmProjects\Postgresql_DB\Sprint\tbase\models.py changed, reloading.
Watching for file changes with StatReloader
C:\Users\User\PycharmProjects\Postgresql_DB\Sprint\tbase\models.py changed, reloading.
Watching for file changes with StatReloader
C:\Users\User\PycharmProjects\Postgresql_DB\Sprint\tbase\models.py changed, reloading.
Watching for file changes with StatReloader
C:\Users\User\PycharmProjects\Postgresql_DB\Sprint\tbase\serializers.py changed, reloading.
Watching for file changes with StatReloader
C:\Users\User\PycharmProjects\Postgresql_DB\Sprint\tbase\serializers.py changed, reloading.
Watching for file changes with StatReloader
C:\Users\User\PycharmProjects\Postgresql_DB\Sprint\tbase\serializers.py changed, reloading.
Watching for file changes with StatReloader
C:\Users\User\PycharmProjects\Postgresql_DB\Sprint\tbase\serializers.py changed, reloading.
Watching for file changes with StatReloader
Watching for file changes with StatReloader
Successfully imported extension module "markdown.extensions.toc".
Successfully loaded extension "markdown.extensions.toc.TocExtension".
Successfully imported extension module "markdown.extensions.toc".
Successfully loaded extension "markdown.extensions.toc.TocExtension".
Method Not Allowed: /submit/
Successfully imported extension module "markdown.extensions.toc".
Successfully loaded extension "markdown.extensions.toc.TocExtension".
Method Not Allowed: /submit/
Successfully imported extension module "markdown.extensions.toc".
Successfully loaded extension "markdown.extensions.toc.TocExtension".
Successfully imported extension module "markdown.extensions.toc".
Successfully loaded extension "markdown.extensions.toc.TocExtension".
Successfully imported extension module "markdown.extensions.toc".
Successfully loaded extension "markdown.extensions.toc.TocExtension".
C:\Users\User\PycharmProjects\Postgresql_DB\Sprint\tbase\views.py changed, reloading.
Watching for file changes with StatReloader
C:\Users\User\PycharmProjects\Postgresql_DB\Sprint\tbase\views.py changed, reloading.
Watching for file changes with StatReloader
Successfully imported extension module "markdown.extensions.toc".
Successfully loaded extension "markdown.extensions.toc.TocExtension".
Successfully imported extension module "markdown.extensions.toc".
Successfully loaded extension "markdown.extensions.toc.TocExtension".
Method Not Allowed: /submit/
Successfully imported extension module "markdown.extensions.toc".
Successfully loaded extension "markdown.extensions.toc.TocExtension".
Method Not Allowed: /submit/
Successfully imported extension module "markdown.extensions.toc".
Successfully loaded extension "markdown.extensions.toc.TocExtension".
Successfully imported extension module "markdown.extensions.toc".
Successfully loaded extension "markdown.extensions.toc.TocExtension".
Method Not Allowed: /submit/
Watching for file changes with StatReloader
Successfully imported extension module "markdown.extensions.toc".
Successfully loaded extension "markdown.extensions.toc.TocExtension".
Successfully imported extension module "markdown.extensions.toc".
Successfully loaded extension "markdown.extensions.toc.TocExtension".
Method Not Allowed: /submit/
Successfully imported extension module "markdown.extensions.toc".
Successfully loaded extension "markdown.extensions.toc.TocExtension".
Method Not Allowed: /submit/
Successfully imported extension module "markdown.extensions.toc".
Successfully loaded extension "markdown.extensions.toc.TocExtension".
Bad Request: /submit/
Successfully imported extension module "markdown.extensions.toc".
Successfully loaded extension "markdown.extensions.toc.TocExtension".
Successfully imported extension module "markdown.extensions.toc".
Successfully loaded extension "markdown.extensions.toc.TocExtension".
Successfully imported extension module "markdown.extensions.toc".
Successfully loaded extension "markdown.extensions.toc.TocExtension".
Method Not Allowed: /submit/
Successfully imported extension module "markdown.extensions.toc".
Successfully loaded extension "markdown.extensions.toc.TocExtension".
Successfully imported extension module "markdown.extensions.toc".
Successfully loaded extension "markdown.extensions.toc.TocExtension".
C:\Users\User\PycharmProjects\Postgresql_DB\Sprint\tbase\serializers.py changed, reloading.
Watching for file changes with StatReloader
Successfully imported extension module "markdown.extensions.toc".
Successfully loaded extension "markdown.extensions.toc.TocExtension".
C:\Users\User\PycharmProjects\Postgresql_DB\Sprint\tbase\models.py changed, reloading.
Watching for file changes with StatReloader
Successfully imported extension module "markdown.extensions.toc".
Successfully loaded extension "markdown.extensions.toc.TocExtension".
Successfully imported extension module "markdown.extensions.toc".
Successfully loaded extension "markdown.extensions.toc.TocExtension".
C:\Users\User\PycharmProjects\Postgresql_DB\Sprint\tbase\serializers.py changed, reloading.
Watching for file changes with StatReloader
Internal Server Error: /submit/
Traceback (most recent call last):
  File "C:\Users\User\AppData\Local\Programs\Python\Python310\lib\site-packages\django\core\handlers\exception.py", line 55, in inner
    response = get_response(request)
  File "C:\Users\User\AppData\Local\Programs\Python\Python310\lib\site-packages\django\core\handlers\base.py", line 197, in _get_response
    response = wrapped_callback(request, *callback_args, **callback_kwargs)
  File "C:\Users\User\AppData\Local\Programs\Python\Python310\lib\site-packages\django\views\decorators\csrf.py", line 65, in _view_wrapper
    return view_func(request, *args, **kwargs)
  File "C:\Users\User\AppData\Local\Programs\Python\Python310\lib\site-packages\rest_framework\viewsets.py", line 124, in view
    return self.dispatch(request, *args, **kwargs)
  File "C:\Users\User\AppData\Local\Programs\Python\Python310\lib\site-packages\rest_framework\views.py", line 509, in dispatch
    response = self.handle_exception(exc)
  File "C:\Users\User\AppData\Local\Programs\Python\Python310\lib\site-packages\rest_framework\views.py", line 469, in handle_exception
    self.raise_uncaught_exception(exc)
  File "C:\Users\User\AppData\Local\Programs\Python\Python310\lib\site-packages\rest_framework\views.py", line 480, in raise_uncaught_exception
    raise exc
  File "C:\Users\User\AppData\Local\Programs\Python\Python310\lib\site-packages\rest_framework\views.py", line 506, in dispatch
    response = handler(request, *args, **kwargs)
  File "C:\Users\User\PycharmProjects\Postgresql_DB\Sprint\tbase\views.py", line 51, in submitData
    if serializer.is_valid():
  File "C:\Users\User\AppData\Local\Programs\Python\Python310\lib\site-packages\rest_framework\serializers.py", line 223, in is_valid
    self._validated_data = self.run_validation(self.initial_data)
  File "C:\Users\User\AppData\Local\Programs\Python\Python310\lib\site-packages\rest_framework\serializers.py", line 442, in run_validation
    value = self.to_internal_value(data)
  File "C:\Users\User\AppData\Local\Programs\Python\Python310\lib\site-packages\rest_framework\serializers.py", line 495, in to_internal_value
    for field in fields:
  File "C:\Users\User\AppData\Local\Programs\Python\Python310\lib\site-packages\rest_framework\serializers.py", line 378, in _writable_fields
    for field in self.fields.values():
  File "C:\Users\User\AppData\Local\Programs\Python\Python310\lib\site-packages\django\utils\functional.py", line 47, in __get__
    res = instance.__dict__[self.name] = self.func(instance)
  File "C:\Users\User\AppData\Local\Programs\Python\Python310\lib\site-packages\rest_framework\serializers.py", line 372, in fields
    for key, value in self.get_fields().items():
  File "C:\Users\User\AppData\Local\Programs\Python\Python310\lib\site-packages\rest_framework\serializers.py", line 1079, in get_fields
    field_names = self.get_field_names(declared_fields, info)
  File "C:\Users\User\AppData\Local\Programs\Python\Python310\lib\site-packages\rest_framework\serializers.py", line 1175, in get_field_names
    assert field_name in fields, (
AssertionError: The field 'add_time' was declared on serializer PerevalAddedSerializer, but has not been included in the 'fields' option.
Internal Server Error: /submit/
Traceback (most recent call last):
  File "C:\Users\User\AppData\Local\Programs\Python\Python310\lib\site-packages\django\core\handlers\exception.py", line 55, in inner
    response = get_response(request)
  File "C:\Users\User\AppData\Local\Programs\Python\Python310\lib\site-packages\django\core\handlers\base.py", line 220, in _get_response
    response = response.render()
  File "C:\Users\User\AppData\Local\Programs\Python\Python310\lib\site-packages\django\template\response.py", line 114, in render
    self.content = self.rendered_content
  File "C:\Users\User\AppData\Local\Programs\Python\Python310\lib\site-packages\rest_framework\response.py", line 74, in rendered_content
    ret = renderer.render(self.data, accepted_media_type, context)
  File "C:\Users\User\AppData\Local\Programs\Python\Python310\lib\site-packages\rest_framework\renderers.py", line 727, in render
    context = self.get_context(data, accepted_media_type, renderer_context)
  File "C:\Users\User\AppData\Local\Programs\Python\Python310\lib\site-packages\rest_framework\renderers.py", line 658, in get_context
    raw_data_post_form = self.get_raw_data_form(data, view, 'POST', request)
  File "C:\Users\User\AppData\Local\Programs\Python\Python310\lib\site-packages\rest_framework\renderers.py", line 565, in get_raw_data_form
    data = serializer.data.copy()
  File "C:\Users\User\AppData\Local\Programs\Python\Python310\lib\site-packages\rest_framework\serializers.py", line 571, in data
    ret = super().data
  File "C:\Users\User\AppData\Local\Programs\Python\Python310\lib\site-packages\rest_framework\serializers.py", line 253, in data
    self._data = self.get_initial()
  File "C:\Users\User\AppData\Local\Programs\Python\Python310\lib\site-packages\rest_framework\serializers.py", line 421, in get_initial
    for field in self.fields.values()
  File "C:\Users\User\AppData\Local\Programs\Python\Python310\lib\site-packages\django\utils\functional.py", line 47, in __get__
    res = instance.__dict__[self.name] = self.func(instance)
  File "C:\Users\User\AppData\Local\Programs\Python\Python310\lib\site-packages\rest_framework\serializers.py", line 372, in fields
    for key, value in self.get_fields().items():
  File "C:\Users\User\AppData\Local\Programs\Python\Python310\lib\site-packages\rest_framework\serializers.py", line 1079, in get_fields
    field_names = self.get_field_names(declared_fields, info)
  File "C:\Users\User\AppData\Local\Programs\Python\Python310\lib\site-packages\rest_framework\serializers.py", line 1175, in get_field_names
    assert field_name in fields, (
AssertionError: The field 'add_time' was declared on serializer PerevalAddedSerializer, but has not been included in the 'fields' option.
C:\Users\User\PycharmProjects\Postgresql_DB\Sprint\tbase\serializers.py changed, reloading.
Watching for file changes with StatReloader
Successfully imported extension module "markdown.extensions.toc".
Successfully loaded extension "markdown.extensions.toc.TocExtension".
Method Not Allowed: /submit/
C:\Users\User\PycharmProjects\Postgresql_DB\Sprint\tbase\serializers.py changed, reloading.
Watching for file changes with StatReloader
Successfully imported extension module "markdown.extensions.toc".
Successfully loaded extension "markdown.extensions.toc.TocExtension".
C:\Users\User\PycharmProjects\Postgresql_DB\Sprint\tbase\serializers.py changed, reloading.
Watching for file changes with StatReloader
Watching for file changes with StatReloader
Successfully imported extension module "markdown.extensions.toc".
Successfully loaded extension "markdown.extensions.toc.TocExtension".
Not Found: /favicon.ico
Successfully imported extension module "markdown.extensions.toc".
Successfully loaded extension "markdown.extensions.toc.TocExtension".
Method Not Allowed: /submit/
Successfully imported extension module "markdown.extensions.toc".
Successfully loaded extension "markdown.extensions.toc.TocExtension".
Method Not Allowed: /submit/
Internal Server Error: /submit/
Traceback (most recent call last):
  File "C:\Users\User\AppData\Local\Programs\Python\Python310\lib\site-packages\django\db\backends\utils.py", line 105, in _execute
    return self.cursor.execute(sql, params)
psycopg2.errors.NotNullViolation: ������:  �������� NULL � ������� "pereval_id" ��������� "tbase_images" �������� ����������� NOT NULL
DETAIL:  ��������� ������ �������� (1, <��������1>, ���������, null).


The above exception was the direct cause of the following exception:

Traceback (most recent call last):
  File "C:\Users\User\AppData\Local\Programs\Python\Python310\lib\site-packages\django\core\handlers\exception.py", line 55, in inner
    response = get_response(request)
  File "C:\Users\User\AppData\Local\Programs\Python\Python310\lib\site-packages\django\core\handlers\base.py", line 197, in _get_response
    response = wrapped_callback(request, *callback_args, **callback_kwargs)
  File "C:\Users\User\AppData\Local\Programs\Python\Python310\lib\site-packages\django\views\decorators\csrf.py", line 65, in _view_wrapper
    return view_func(request, *args, **kwargs)
  File "C:\Users\User\AppData\Local\Programs\Python\Python310\lib\site-packages\rest_framework\viewsets.py", line 124, in view
    return self.dispatch(request, *args, **kwargs)
  File "C:\Users\User\AppData\Local\Programs\Python\Python310\lib\site-packages\rest_framework\views.py", line 509, in dispatch
    response = self.handle_exception(exc)
  File "C:\Users\User\AppData\Local\Programs\Python\Python310\lib\site-packages\rest_framework\views.py", line 469, in handle_exception
    self.raise_uncaught_exception(exc)
  File "C:\Users\User\AppData\Local\Programs\Python\Python310\lib\site-packages\rest_framework\views.py", line 480, in raise_uncaught_exception
    raise exc
  File "C:\Users\User\AppData\Local\Programs\Python\Python310\lib\site-packages\rest_framework\views.py", line 506, in dispatch
    response = handler(request, *args, **kwargs)
  File "C:\Users\User\PycharmProjects\Postgresql_DB\Sprint\tbase\views.py", line 60, in submitData
    images_instances = [Images.objects.create(data=image.get('data'), title=image.get('title')) for image in images_data]
  File "C:\Users\User\PycharmProjects\Postgresql_DB\Sprint\tbase\views.py", line 60, in <listcomp>
    images_instances = [Images.objects.create(data=image.get('data'), title=image.get('title')) for image in images_data]
  File "C:\Users\User\AppData\Local\Programs\Python\Python310\lib\site-packages\django\db\models\manager.py", line 87, in manager_method
    return getattr(self.get_queryset(), name)(*args, **kwargs)
  File "C:\Users\User\AppData\Local\Programs\Python\Python310\lib\site-packages\django\db\models\query.py", line 679, in create
    obj.save(force_insert=True, using=self.db)
  File "C:\Users\User\AppData\Local\Programs\Python\Python310\lib\site-packages\django\db\models\base.py", line 822, in save
    self.save_base(
  File "C:\Users\User\AppData\Local\Programs\Python\Python310\lib\site-packages\django\db\models\base.py", line 909, in save_base
    updated = self._save_table(
  File "C:\Users\User\AppData\Local\Programs\Python\Python310\lib\site-packages\django\db\models\base.py", line 1067, in _save_table
    results = self._do_insert(
  File "C:\Users\User\AppData\Local\Programs\Python\Python310\lib\site-packages\django\db\models\base.py", line 1108, in _do_insert
    return manager._insert(
  File "C:\Users\User\AppData\Local\Programs\Python\Python310\lib\site-packages\django\db\models\manager.py", line 87, in manager_method
    return getattr(self.get_queryset(), name)(*args, **kwargs)
  File "C:\Users\User\AppData\Local\Programs\Python\Python310\lib\site-packages\django\db\models\query.py", line 1847, in _insert
    return query.get_compiler(using=using).execute_sql(returning_fields)
  File "C:\Users\User\AppData\Local\Programs\Python\Python310\lib\site-packages\django\db\models\sql\compiler.py", line 1823, in execute_sql
    cursor.execute(sql, params)
  File "C:\Users\User\AppData\Local\Programs\Python\Python310\lib\site-packages\django\db\backends\utils.py", line 122, in execute
    return super().execute(sql, params)
  File "C:\Users\User\AppData\Local\Programs\Python\Python310\lib\site-packages\django\db\backends\utils.py", line 79, in execute
    return self._execute_with_wrappers(
  File "C:\Users\User\AppData\Local\Programs\Python\Python310\lib\site-packages\django\db\backends\utils.py", line 92, in _execute_with_wrappers
    return executor(sql, params, many, context)
  File "C:\Users\User\AppData\Local\Programs\Python\Python310\lib\site-packages\django\db\backends\utils.py", line 100, in _execute
    with self.db.wrap_database_errors:
  File "C:\Users\User\AppData\Local\Programs\Python\Python310\lib\site-packages\django\db\utils.py", line 91, in __exit__
    raise dj_exc_value.with_traceback(traceback) from exc_value
  File "C:\Users\User\AppData\Local\Programs\Python\Python310\lib\site-packages\django\db\backends\utils.py", line 105, in _execute
    return self.cursor.execute(sql, params)
django.db.utils.IntegrityError: ������:  �������� NULL � ������� "pereval_id" ��������� "tbase_images" �������� ����������� NOT NULL
DETAIL:  ��������� ������ �������� (1, <��������1>, ���������, null).

Successfully imported extension module "markdown.extensions.toc".
Successfully loaded extension "markdown.extensions.toc.TocExtension".
Method Not Allowed: /submit/
Successfully imported extension module "markdown.extensions.toc".
Successfully loaded extension "markdown.extensions.toc.TocExtension".
Method Not Allowed: /submit/
Successfully imported extension module "markdown.extensions.toc".
Successfully loaded extension "markdown.extensions.toc.TocExtension".
Successfully imported extension module "markdown.extensions.toc".
Successfully loaded extension "markdown.extensions.toc.TocExtension".
Bad Request: /submit/
Internal Server Error: /submit/
Traceback (most recent call last):
  File "C:\Users\User\AppData\Local\Programs\Python\Python310\lib\site-packages\django\db\backends\utils.py", line 105, in _execute
    return self.cursor.execute(sql, params)
psycopg2.errors.NotNullViolation: ������:  �������� NULL � ������� "pereval_id" ��������� "tbase_images" �������� ����������� NOT NULL
DETAIL:  ��������� ������ �������� (2, <��������1>, ���������, null).


The above exception was the direct cause of the following exception:

Traceback (most recent call last):
  File "C:\Users\User\AppData\Local\Programs\Python\Python310\lib\site-packages\django\core\handlers\exception.py", line 55, in inner
    response = get_response(request)
  File "C:\Users\User\AppData\Local\Programs\Python\Python310\lib\site-packages\django\core\handlers\base.py", line 197, in _get_response
    response = wrapped_callback(request, *callback_args, **callback_kwargs)
  File "C:\Users\User\AppData\Local\Programs\Python\Python310\lib\site-packages\django\views\decorators\csrf.py", line 65, in _view_wrapper
    return view_func(request, *args, **kwargs)
  File "C:\Users\User\AppData\Local\Programs\Python\Python310\lib\site-packages\rest_framework\viewsets.py", line 124, in view
    return self.dispatch(request, *args, **kwargs)
  File "C:\Users\User\AppData\Local\Programs\Python\Python310\lib\site-packages\rest_framework\views.py", line 509, in dispatch
    response = self.handle_exception(exc)
  File "C:\Users\User\AppData\Local\Programs\Python\Python310\lib\site-packages\rest_framework\views.py", line 469, in handle_exception
    self.raise_uncaught_exception(exc)
  File "C:\Users\User\AppData\Local\Programs\Python\Python310\lib\site-packages\rest_framework\views.py", line 480, in raise_uncaught_exception
    raise exc
  File "C:\Users\User\AppData\Local\Programs\Python\Python310\lib\site-packages\rest_framework\views.py", line 506, in dispatch
    response = handler(request, *args, **kwargs)
  File "C:\Users\User\PycharmProjects\Postgresql_DB\Sprint\tbase\views.py", line 60, in submitData
    images_instances = [Images.objects.create(data=image.get('data'), title=image.get('title')) for image in images_data]
  File "C:\Users\User\PycharmProjects\Postgresql_DB\Sprint\tbase\views.py", line 60, in <listcomp>
    images_instances = [Images.objects.create(data=image.get('data'), title=image.get('title')) for image in images_data]
  File "C:\Users\User\AppData\Local\Programs\Python\Python310\lib\site-packages\django\db\models\manager.py", line 87, in manager_method
    return getattr(self.get_queryset(), name)(*args, **kwargs)
  File "C:\Users\User\AppData\Local\Programs\Python\Python310\lib\site-packages\django\db\models\query.py", line 679, in create
    obj.save(force_insert=True, using=self.db)
  File "C:\Users\User\AppData\Local\Programs\Python\Python310\lib\site-packages\django\db\models\base.py", line 822, in save
    self.save_base(
  File "C:\Users\User\AppData\Local\Programs\Python\Python310\lib\site-packages\django\db\models\base.py", line 909, in save_base
    updated = self._save_table(
  File "C:\Users\User\AppData\Local\Programs\Python\Python310\lib\site-packages\django\db\models\base.py", line 1067, in _save_table
    results = self._do_insert(
  File "C:\Users\User\AppData\Local\Programs\Python\Python310\lib\site-packages\django\db\models\base.py", line 1108, in _do_insert
    return manager._insert(
  File "C:\Users\User\AppData\Local\Programs\Python\Python310\lib\site-packages\django\db\models\manager.py", line 87, in manager_method
    return getattr(self.get_queryset(), name)(*args, **kwargs)
  File "C:\Users\User\AppData\Local\Programs\Python\Python310\lib\site-packages\django\db\models\query.py", line 1847, in _insert
    return query.get_compiler(using=using).execute_sql(returning_fields)
  File "C:\Users\User\AppData\Local\Programs\Python\Python310\lib\site-packages\django\db\models\sql\compiler.py", line 1823, in execute_sql
    cursor.execute(sql, params)
  File "C:\Users\User\AppData\Local\Programs\Python\Python310\lib\site-packages\django\db\backends\utils.py", line 122, in execute
    return super().execute(sql, params)
  File "C:\Users\User\AppData\Local\Programs\Python\Python310\lib\site-packages\django\db\backends\utils.py", line 79, in execute
    return self._execute_with_wrappers(
  File "C:\Users\User\AppData\Local\Programs\Python\Python310\lib\site-packages\django\db\backends\utils.py", line 92, in _execute_with_wrappers
    return executor(sql, params, many, context)
  File "C:\Users\User\AppData\Local\Programs\Python\Python310\lib\site-packages\django\db\backends\utils.py", line 100, in _execute
    with self.db.wrap_database_errors:
  File "C:\Users\User\AppData\Local\Programs\Python\Python310\lib\site-packages\django\db\utils.py", line 91, in __exit__
    raise dj_exc_value.with_traceback(traceback) from exc_value
  File "C:\Users\User\AppData\Local\Programs\Python\Python310\lib\site-packages\django\db\backends\utils.py", line 105, in _execute
    return self.cursor.execute(sql, params)
django.db.utils.IntegrityError: ������:  �������� NULL � ������� "pereval_id" ��������� "tbase_images" �������� ����������� NOT NULL
DETAIL:  ��������� ������ �������� (2, <��������1>, ���������, null).

Successfully imported extension module "markdown.extensions.toc".
Successfully loaded extension "markdown.extensions.toc.TocExtension".
Method Not Allowed: /submit/
Internal Server Error: /submit/
Traceback (most recent call last):
  File "C:\Users\User\AppData\Local\Programs\Python\Python310\lib\site-packages\django\db\backends\utils.py", line 105, in _execute
    return self.cursor.execute(sql, params)
psycopg2.errors.NotNullViolation: ������:  �������� NULL � ������� "pereval_id" ��������� "tbase_images" �������� ����������� NOT NULL
DETAIL:  ��������� ������ �������� (3, <��������1>, ���������, null).


The above exception was the direct cause of the following exception:

Traceback (most recent call last):
  File "C:\Users\User\AppData\Local\Programs\Python\Python310\lib\site-packages\django\core\handlers\exception.py", line 55, in inner
    response = get_response(request)
  File "C:\Users\User\AppData\Local\Programs\Python\Python310\lib\site-packages\django\core\handlers\base.py", line 197, in _get_response
    response = wrapped_callback(request, *callback_args, **callback_kwargs)
  File "C:\Users\User\AppData\Local\Programs\Python\Python310\lib\site-packages\django\views\decorators\csrf.py", line 65, in _view_wrapper
    return view_func(request, *args, **kwargs)
  File "C:\Users\User\AppData\Local\Programs\Python\Python310\lib\site-packages\rest_framework\viewsets.py", line 124, in view
    return self.dispatch(request, *args, **kwargs)
  File "C:\Users\User\AppData\Local\Programs\Python\Python310\lib\site-packages\rest_framework\views.py", line 509, in dispatch
    response = self.handle_exception(exc)
  File "C:\Users\User\AppData\Local\Programs\Python\Python310\lib\site-packages\rest_framework\views.py", line 469, in handle_exception
    self.raise_uncaught_exception(exc)
  File "C:\Users\User\AppData\Local\Programs\Python\Python310\lib\site-packages\rest_framework\views.py", line 480, in raise_uncaught_exception
    raise exc
  File "C:\Users\User\AppData\Local\Programs\Python\Python310\lib\site-packages\rest_framework\views.py", line 506, in dispatch
    response = handler(request, *args, **kwargs)
  File "C:\Users\User\PycharmProjects\Postgresql_DB\Sprint\tbase\views.py", line 60, in submitData
    images_instances = [Images.objects.create(data=image.get('data'), title=image.get('title')) for image in images_data]
  File "C:\Users\User\PycharmProjects\Postgresql_DB\Sprint\tbase\views.py", line 60, in <listcomp>
    images_instances = [Images.objects.create(data=image.get('data'), title=image.get('title')) for image in images_data]
  File "C:\Users\User\AppData\Local\Programs\Python\Python310\lib\site-packages\django\db\models\manager.py", line 87, in manager_method
    return getattr(self.get_queryset(), name)(*args, **kwargs)
  File "C:\Users\User\AppData\Local\Programs\Python\Python310\lib\site-packages\django\db\models\query.py", line 679, in create
    obj.save(force_insert=True, using=self.db)
  File "C:\Users\User\AppData\Local\Programs\Python\Python310\lib\site-packages\django\db\models\base.py", line 822, in save
    self.save_base(
  File "C:\Users\User\AppData\Local\Programs\Python\Python310\lib\site-packages\django\db\models\base.py", line 909, in save_base
    updated = self._save_table(
  File "C:\Users\User\AppData\Local\Programs\Python\Python310\lib\site-packages\django\db\models\base.py", line 1067, in _save_table
    results = self._do_insert(
  File "C:\Users\User\AppData\Local\Programs\Python\Python310\lib\site-packages\django\db\models\base.py", line 1108, in _do_insert
    return manager._insert(
  File "C:\Users\User\AppData\Local\Programs\Python\Python310\lib\site-packages\django\db\models\manager.py", line 87, in manager_method
    return getattr(self.get_queryset(), name)(*args, **kwargs)
  File "C:\Users\User\AppData\Local\Programs\Python\Python310\lib\site-packages\django\db\models\query.py", line 1847, in _insert
    return query.get_compiler(using=using).execute_sql(returning_fields)
  File "C:\Users\User\AppData\Local\Programs\Python\Python310\lib\site-packages\django\db\models\sql\compiler.py", line 1823, in execute_sql
    cursor.execute(sql, params)
  File "C:\Users\User\AppData\Local\Programs\Python\Python310\lib\site-packages\django\db\backends\utils.py", line 122, in execute
    return super().execute(sql, params)
  File "C:\Users\User\AppData\Local\Programs\Python\Python310\lib\site-packages\django\db\backends\utils.py", line 79, in execute
    return self._execute_with_wrappers(
  File "C:\Users\User\AppData\Local\Programs\Python\Python310\lib\site-packages\django\db\backends\utils.py", line 92, in _execute_with_wrappers
    return executor(sql, params, many, context)
  File "C:\Users\User\AppData\Local\Programs\Python\Python310\lib\site-packages\django\db\backends\utils.py", line 100, in _execute
    with self.db.wrap_database_errors:
  File "C:\Users\User\AppData\Local\Programs\Python\Python310\lib\site-packages\django\db\utils.py", line 91, in __exit__
    raise dj_exc_value.with_traceback(traceback) from exc_value
  File "C:\Users\User\AppData\Local\Programs\Python\Python310\lib\site-packages\django\db\backends\utils.py", line 105, in _execute
    return self.cursor.execute(sql, params)
django.db.utils.IntegrityError: ������:  �������� NULL � ������� "pereval_id" ��������� "tbase_images" �������� ����������� NOT NULL
DETAIL:  ��������� ������ �������� (3, <��������1>, ���������, null).

Successfully imported extension module "markdown.extensions.toc".
Successfully loaded extension "markdown.extensions.toc.TocExtension".
Successfully imported extension module "markdown.extensions.toc".
Successfully loaded extension "markdown.extensions.toc.TocExtension".
Method Not Allowed: /submit/
Successfully imported extension module "markdown.extensions.toc".
Successfully loaded extension "markdown.extensions.toc.TocExtension".
Method Not Allowed: /submit/
Successfully imported extension module "markdown.extensions.toc".
Successfully loaded extension "markdown.extensions.toc.TocExtension".
Bad Request: /submit/
Successfully imported extension module "markdown.extensions.toc".
Successfully loaded extension "markdown.extensions.toc.TocExtension".
Bad Request: /submit/
Successfully imported extension module "markdown.extensions.toc".
Successfully loaded extension "markdown.extensions.toc.TocExtension".
Bad Request: /submit/
Successfully imported extension module "markdown.extensions.toc".
Successfully loaded extension "markdown.extensions.toc.TocExtension".
Bad Request: /submit/
Successfully imported extension module "markdown.extensions.toc".
Successfully loaded extension "markdown.extensions.toc.TocExtension".
Bad Request: /submit/
Successfully imported extension module "markdown.extensions.toc".
Successfully loaded extension "markdown.extensions.toc.TocExtension".
Method Not Allowed: /submit/
Successfully imported extension module "markdown.extensions.toc".
Successfully loaded extension "markdown.extensions.toc.TocExtension".
Successfully imported extension module "markdown.extensions.toc".
Successfully loaded extension "markdown.extensions.toc.TocExtension".
Successfully imported extension module "markdown.extensions.toc".
Successfully loaded extension "markdown.extensions.toc.TocExtension".
Successfully imported extension module "markdown.extensions.toc".
Successfully loaded extension "markdown.extensions.toc.TocExtension".
Method Not Allowed: /submit/
Successfully imported extension module "markdown.extensions.toc".
Successfully loaded extension "markdown.extensions.toc.TocExtension".
Bad Request: /submit/
C:\Users\User\PycharmProjects\Postgresql_DB\Sprint\tbase\serializers.py changed, reloading.
Watching for file changes with StatReloader
Successfully imported extension module "markdown.extensions.toc".
Successfully loaded extension "markdown.extensions.toc.TocExtension".
Bad Request: /submit/
Successfully imported extension module "markdown.extensions.toc".
Successfully loaded extension "markdown.extensions.toc.TocExtension".
Successfully imported extension module "markdown.extensions.toc".
Successfully loaded extension "markdown.extensions.toc.TocExtension".
Successfully imported extension module "markdown.extensions.toc".
Successfully loaded extension "markdown.extensions.toc.TocExtension".
Successfully imported extension module "markdown.extensions.toc".
Successfully loaded extension "markdown.extensions.toc.TocExtension".
Successfully imported extension module "markdown.extensions.toc".
Successfully loaded extension "markdown.extensions.toc.TocExtension".
Successfully imported extension module "markdown.extensions.toc".
Successfully loaded extension "markdown.extensions.toc.TocExtension".
Successfully imported extension module "markdown.extensions.toc".
Successfully loaded extension "markdown.extensions.toc.TocExtension".
C:\Users\User\PycharmProjects\Postgresql_DB\Sprint\tbase\serializers.py changed, reloading.
Watching for file changes with StatReloader
C:\Users\User\PycharmProjects\Postgresql_DB\Sprint\tbase\serializers.py changed, reloading.
Watching for file changes with StatReloader
C:\Users\User\PycharmProjects\Postgresql_DB\Sprint\tbase\serializers.py changed, reloading.
Watching for file changes with StatReloader
C:\Users\User\PycharmProjects\Postgresql_DB\Sprint\tbase\serializers.py changed, reloading.
Watching for file changes with StatReloader
Successfully imported extension module "markdown.extensions.toc".
Successfully loaded extension "markdown.extensions.toc.TocExtension".
Successfully imported extension module "markdown.extensions.toc".
Successfully loaded extension "markdown.extensions.toc.TocExtension".
Successfully imported extension module "markdown.extensions.toc".
Successfully loaded extension "markdown.extensions.toc.TocExtension".
Successfully imported extension module "markdown.extensions.toc".
Successfully loaded extension "markdown.extensions.toc.TocExtension".
Not Found: /users/submit/
Successfully imported extension module "markdown.extensions.toc".
Successfully loaded extension "markdown.extensions.toc.TocExtension".
Successfully imported extension module "markdown.extensions.toc".
Successfully loaded extension "markdown.extensions.toc.TocExtension".
Successfully imported extension module "markdown.extensions.toc".
Successfully loaded extension "markdown.extensions.toc.TocExtension".
Bad Request: /perevaladded/
Successfully imported extension module "markdown.extensions.toc".
Successfully loaded extension "markdown.extensions.toc.TocExtension".
Successfully imported extension module "markdown.extensions.toc".
Successfully loaded extension "markdown.extensions.toc.TocExtension".
C:\Users\User\PycharmProjects\Postgresql_DB\Sprint\tbase\models.py changed, reloading.
Watching for file changes with StatReloader
Successfully imported extension module "markdown.extensions.toc".
Successfully loaded extension "markdown.extensions.toc.TocExtension".
Successfully imported extension module "markdown.extensions.toc".
Successfully loaded extension "markdown.extensions.toc.TocExtension".
Successfully imported extension module "markdown.extensions.toc".
Successfully loaded extension "markdown.extensions.toc.TocExtension".
Bad Request: /perevaladded/
Successfully imported extension module "markdown.extensions.toc".
Successfully loaded extension "markdown.extensions.toc.TocExtension".
Successfully imported extension module "markdown.extensions.toc".
Successfully loaded extension "markdown.extensions.toc.TocExtension".
Watching for file changes with StatReloader
Successfully imported extension module "markdown.extensions.toc".
Successfully loaded extension "markdown.extensions.toc.TocExtension".
Successfully imported extension module "markdown.extensions.toc".
Successfully loaded extension "markdown.extensions.toc.TocExtension".
Successfully imported extension module "markdown.extensions.toc".
Successfully loaded extension "markdown.extensions.toc.TocExtension".
Bad Request: /perevaladded/
Successfully imported extension module "markdown.extensions.toc".
Successfully loaded extension "markdown.extensions.toc.TocExtension".
Bad Request: /perevaladded/
Internal Server Error: /perevaladded/
Traceback (most recent call last):
  File "C:\Users\User\AppData\Local\Programs\Python\Python310\lib\site-packages\django\core\handlers\exception.py", line 55, in inner
    response = get_response(request)
  File "C:\Users\User\AppData\Local\Programs\Python\Python310\lib\site-packages\django\core\handlers\base.py", line 197, in _get_response
    response = wrapped_callback(request, *callback_args, **callback_kwargs)
  File "C:\Users\User\AppData\Local\Programs\Python\Python310\lib\site-packages\django\views\decorators\csrf.py", line 65, in _view_wrapper
    return view_func(request, *args, **kwargs)
  File "C:\Users\User\AppData\Local\Programs\Python\Python310\lib\site-packages\rest_framework\viewsets.py", line 124, in view
    return self.dispatch(request, *args, **kwargs)
  File "C:\Users\User\AppData\Local\Programs\Python\Python310\lib\site-packages\rest_framework\views.py", line 509, in dispatch
    response = self.handle_exception(exc)
  File "C:\Users\User\AppData\Local\Programs\Python\Python310\lib\site-packages\rest_framework\views.py", line 469, in handle_exception
    self.raise_uncaught_exception(exc)
  File "C:\Users\User\AppData\Local\Programs\Python\Python310\lib\site-packages\rest_framework\views.py", line 480, in raise_uncaught_exception
    raise exc
  File "C:\Users\User\AppData\Local\Programs\Python\Python310\lib\site-packages\rest_framework\views.py", line 506, in dispatch
    response = handler(request, *args, **kwargs)
  File "C:\Users\User\AppData\Local\Programs\Python\Python310\lib\site-packages\rest_framework\mixins.py", line 19, in create
    self.perform_create(serializer)
  File "C:\Users\User\AppData\Local\Programs\Python\Python310\lib\site-packages\rest_framework\mixins.py", line 24, in perform_create
    serializer.save()
  File "C:\Users\User\AppData\Local\Programs\Python\Python310\lib\site-packages\rest_framework\serializers.py", line 208, in save
    self.instance = self.create(validated_data)
  File "C:\Users\User\PycharmProjects\Postgresql_DB\Sprint\tbase\serializers.py", line 50, in create
    user_instance, created = User.objects.get_or_create(**user_data)
  File "C:\Users\User\AppData\Local\Programs\Python\Python310\lib\site-packages\django\db\models\manager.py", line 87, in manager_method
    return getattr(self.get_queryset(), name)(*args, **kwargs)
  File "C:\Users\User\AppData\Local\Programs\Python\Python310\lib\site-packages\django\db\models\query.py", line 948, in get_or_create
    return self.get(**kwargs), False
  File "C:\Users\User\AppData\Local\Programs\Python\Python310\lib\site-packages\django\db\models\query.py", line 652, in get
    raise self.model.MultipleObjectsReturned(
tbase.models.User.MultipleObjectsReturned: get() returned more than one User -- it returned 3!
Successfully imported extension module "markdown.extensions.toc".
Successfully loaded extension "markdown.extensions.toc.TocExtension".
Successfully imported extension module "markdown.extensions.toc".
Successfully loaded extension "markdown.extensions.toc.TocExtension".
Successfully imported extension module "markdown.extensions.toc".
Successfully loaded extension "markdown.extensions.toc.TocExtension".
Successfully imported extension module "markdown.extensions.toc".
Successfully loaded extension "markdown.extensions.toc.TocExtension".
Successfully imported extension module "markdown.extensions.toc".
Successfully loaded extension "markdown.extensions.toc.TocExtension".
Successfully imported extension module "markdown.extensions.toc".
Successfully loaded extension "markdown.extensions.toc.TocExtension".
Successfully imported extension module "markdown.extensions.toc".
Successfully loaded extension "markdown.extensions.toc.TocExtension".
Successfully imported extension module "markdown.extensions.toc".
Successfully loaded extension "markdown.extensions.toc.TocExtension".
Successfully imported extension module "markdown.extensions.toc".
Successfully loaded extension "markdown.extensions.toc.TocExtension".
Successfully imported extension module "markdown.extensions.toc".
Successfully loaded extension "markdown.extensions.toc.TocExtension".
Successfully imported extension module "markdown.extensions.toc".
Successfully loaded extension "markdown.extensions.toc.TocExtension".
Successfully imported extension module "markdown.extensions.toc".
Successfully loaded extension "markdown.extensions.toc.TocExtension".
Successfully imported extension module "markdown.extensions.toc".
Successfully loaded extension "markdown.extensions.toc.TocExtension".
Successfully imported extension module "markdown.extensions.toc".
Successfully loaded extension "markdown.extensions.toc.TocExtension".
Successfully imported extension module "markdown.extensions.toc".
Successfully loaded extension "markdown.extensions.toc.TocExtension".
Successfully imported extension module "markdown.extensions.toc".
Successfully loaded extension "markdown.extensions.toc.TocExtension".
C:\Users\User\PycharmProjects\Postgresql_DB\Sprint\tbase\serializers.py changed, reloading.
Watching for file changes with StatReloader
Successfully imported extension module "markdown.extensions.toc".
Successfully loaded extension "markdown.extensions.toc.TocExtension".
Successfully imported extension module "markdown.extensions.toc".
Successfully loaded extension "markdown.extensions.toc.TocExtension".
Successfully imported extension module "markdown.extensions.toc".
Successfully loaded extension "markdown.extensions.toc.TocExtension".
Successfully imported extension module "markdown.extensions.toc".
Successfully loaded extension "markdown.extensions.toc.TocExtension".
Successfully imported extension module "markdown.extensions.toc".
Successfully loaded extension "markdown.extensions.toc.TocExtension".
C:\Users\User\PycharmProjects\Postgresql_DB\Sprint\tbase\serializers.py changed, reloading.
Watching for file changes with StatReloader
Successfully imported extension module "markdown.extensions.toc".
Successfully loaded extension "markdown.extensions.toc.TocExtension".
Successfully imported extension module "markdown.extensions.toc".
Successfully loaded extension "markdown.extensions.toc.TocExtension".
Successfully imported extension module "markdown.extensions.toc".
Successfully loaded extension "markdown.extensions.toc.TocExtension".
Successfully imported extension module "markdown.extensions.toc".
Successfully loaded extension "markdown.extensions.toc.TocExtension".
Successfully imported extension module "markdown.extensions.toc".
Successfully loaded extension "markdown.extensions.toc.TocExtension".
Successfully imported extension module "markdown.extensions.toc".
Successfully loaded extension "markdown.extensions.toc.TocExtension".
Successfully imported extension module "markdown.extensions.toc".
Successfully loaded extension "markdown.extensions.toc.TocExtension".
Successfully imported extension module "markdown.extensions.toc".
Successfully loaded extension "markdown.extensions.toc.TocExtension".
Successfully imported extension module "markdown.extensions.toc".
Successfully loaded extension "markdown.extensions.toc.TocExtension".
Successfully imported extension module "markdown.extensions.toc".
Successfully loaded extension "markdown.extensions.toc.TocExtension".
Successfully imported extension module "markdown.extensions.toc".
Successfully loaded extension "markdown.extensions.toc.TocExtension".
Successfully imported extension module "markdown.extensions.toc".
Successfully loaded extension "markdown.extensions.toc.TocExtension".
Successfully imported extension module "markdown.extensions.toc".
Successfully loaded extension "markdown.extensions.toc.TocExtension".
Successfully imported extension module "markdown.extensions.toc".
Successfully loaded extension "markdown.extensions.toc.TocExtension".
Successfully imported extension module "markdown.extensions.toc".
Successfully loaded extension "markdown.extensions.toc.TocExtension".
Successfully imported extension module "markdown.extensions.toc".
Successfully loaded extension "markdown.extensions.toc.TocExtension".
Successfully imported extension module "markdown.extensions.toc".
Successfully loaded extension "markdown.extensions.toc.TocExtension".
Successfully imported extension module "markdown.extensions.toc".
Successfully loaded extension "markdown.extensions.toc.TocExtension".
Successfully imported extension module "markdown.extensions.toc".
Successfully loaded extension "markdown.extensions.toc.TocExtension".
Successfully imported extension module "markdown.extensions.toc".
Successfully loaded extension "markdown.extensions.toc.TocExtension".
Successfully imported extension module "markdown.extensions.toc".
Successfully loaded extension "markdown.extensions.toc.TocExtension".
C:\Users\User\PycharmProjects\Postgresql_DB\Sprint\tbase\serializers.py changed, reloading.
Watching for file changes with StatReloader
C:\Users\User\PycharmProjects\Postgresql_DB\Sprint\tbase\serializers.py changed, reloading.
Watching for file changes with StatReloader
C:\Users\User\PycharmProjects\Postgresql_DB\Sprint\tbase\serializers.py changed, reloading.
Watching for file changes with StatReloader
C:\Users\User\PycharmProjects\Postgresql_DB\Sprint\tbase\serializers.py changed, reloading.
Watching for file changes with StatReloader
C:\Users\User\PycharmProjects\Postgresql_DB\Sprint\tbase\serializers.py changed, reloading.
Watching for file changes with StatReloader
C:\Users\User\PycharmProjects\Postgresql_DB\Sprint\tbase\serializers.py changed, reloading.
Watching for file changes with StatReloader
C:\Users\User\PycharmProjects\Postgresql_DB\Sprint\tbase\serializers.py changed, reloading.
Watching for file changes with StatReloader
C:\Users\User\PycharmProjects\Postgresql_DB\Sprint\tbase\serializers.py changed, reloading.
Watching for file changes with StatReloader
C:\Users\User\PycharmProjects\Postgresql_DB\Sprint\tbase\views.py changed, reloading.
Watching for file changes with StatReloader
C:\Users\User\PycharmProjects\Postgresql_DB\Sprint\tbase\views.py changed, reloading.
Watching for file changes with StatReloader
C:\Users\User\PycharmProjects\Postgresql_DB\Sprint\tbase\views.py changed, reloading.
Watching for file changes with StatReloader
C:\Users\User\PycharmProjects\Postgresql_DB\Sprint\tbase\views.py changed, reloading.
Watching for file changes with StatReloader
C:\Users\User\PycharmProjects\Postgresql_DB\Sprint\tbase\views.py changed, reloading.
Watching for file changes with StatReloader
C:\Users\User\PycharmProjects\Postgresql_DB\Sprint\tbase\views.py changed, reloading.
Watching for file changes with StatReloader
Watching for file changes with StatReloader
Successfully imported extension module "markdown.extensions.toc".
Successfully loaded extension "markdown.extensions.toc.TocExtension".
Successfully imported extension module "markdown.extensions.toc".
Successfully loaded extension "markdown.extensions.toc.TocExtension".
Successfully imported extension module "markdown.extensions.toc".
Successfully loaded extension "markdown.extensions.toc.TocExtension".
Successfully imported extension module "markdown.extensions.toc".
Successfully loaded extension "markdown.extensions.toc.TocExtension".
Successfully imported extension module "markdown.extensions.toc".
Successfully loaded extension "markdown.extensions.toc.TocExtension".
Successfully imported extension module "markdown.extensions.toc".
Successfully loaded extension "markdown.extensions.toc.TocExtension".
C:\Users\User\PycharmProjects\Postgresql_DB\Sprint\tbase\models.py changed, reloading.
Watching for file changes with StatReloader
Watching for file changes with StatReloader
Watching for file changes with StatReloader
Watching for file changes with StatReloader
Watching for file changes with StatReloader
Watching for file changes with StatReloader
C:\Users\User\PycharmProjects\Postgresql_DB\Sprint\Sprint\settings.py changed, reloading.
Watching for file changes with StatReloader
C:\Users\User\PycharmProjects\Postgresql_DB\Sprint\Sprint\settings.py changed, reloading.
Watching for file changes with StatReloader
Watching for file changes with StatReloader
Watching for file changes with StatReloader
Watching for file changes with StatReloader
Watching for file changes with StatReloader
Watching for file changes with StatReloader
Watching for file changes with StatReloader
Watching for file changes with StatReloader
Watching for file changes with StatReloader
Successfully imported extension module "markdown.extensions.toc".
Successfully loaded extension "markdown.extensions.toc.TocExtension".
Successfully imported extension module "markdown.extensions.toc".
Successfully loaded extension "markdown.extensions.toc.TocExtension".
Successfully imported extension module "markdown.extensions.toc".
Successfully loaded extension "markdown.extensions.toc.TocExtension".
Successfully imported extension module "markdown.extensions.toc".
Successfully loaded extension "markdown.extensions.toc.TocExtension".
Watching for file changes with StatReloader
Watching for file changes with StatReloader
C:\Users\User\PycharmProjects\Postgresql_DB\Sprint\tbase\urls.py changed, reloading.
Watching for file changes with StatReloader
Watching for file changes with StatReloader
Watching for file changes with StatReloader
Watching for file changes with StatReloader
C:\Users\User\PycharmProjects\Postgresql_DB\Sprint\tbase\urls.py changed, reloading.
Watching for file changes with StatReloader
Watching for file changes with StatReloader
Watching for file changes with StatReloader
C:\Users\User\PycharmProjects\Postgresql_DB\Sprint\tbase\urls.py changed, reloading.
Watching for file changes with StatReloader
C:\Users\User\PycharmProjects\Postgresql_DB\Sprint\Sprint\settings.py changed, reloading.
Watching for file changes with StatReloader
Successfully imported extension module "markdown.extensions.toc".
Successfully loaded extension "markdown.extensions.toc.TocExtension".
Not Found: /favicon.ico
Successfully imported extension module "markdown.extensions.toc".
Successfully loaded extension "markdown.extensions.toc.TocExtension".
Successfully imported extension module "markdown.extensions.toc".
Successfully loaded extension "markdown.extensions.toc.TocExtension".
Successfully imported extension module "markdown.extensions.toc".
Successfully loaded extension "markdown.extensions.toc.TocExtension".
Bad Request: /perevaladded/
Successfully imported extension module "markdown.extensions.toc".
Successfully loaded extension "markdown.extensions.toc.TocExtension".
Watching for file changes with StatReloader
Watching for file changes with StatReloader
Watching for file changes with StatReloader
Not Found: /favicon.ico
Bad Request: /perevaladded/
C:\Users\User\PycharmProjects\Postgresql_DB\Sprint\tbase\views.py changed, reloading.
Watching for file changes with StatReloader
C:\Users\User\PycharmProjects\Postgresql_DB\Sprint\tbase\views.py changed, reloading.
Watching for file changes with StatReloader
C:\Users\User\PycharmProjects\Postgresql_DB\Sprint\tbase\views.py changed, reloading.
Watching for file changes with StatReloader
C:\Users\User\PycharmProjects\Postgresql_DB\Sprint\tbase\views.py changed, reloading.
Watching for file changes with StatReloader
C:\Users\User\PycharmProjects\Postgresql_DB\Sprint\tbase\views.py changed, reloading.
Watching for file changes with StatReloader
C:\Users\User\PycharmProjects\Postgresql_DB\Sprint\tbase\views.py changed, reloading.
Watching for file changes with StatReloader
C:\Users\User\PycharmProjects\Postgresql_DB\Sprint\tbase\views.py changed, reloading.
Watching for file changes with StatReloader
C:\Users\User\PycharmProjects\Postgresql_DB\Sprint\tbase\views.py changed, reloading.
Watching for file changes with StatReloader
C:\Users\User\PycharmProjects\Postgresql_DB\Sprint\tbase\views.py changed, reloading.
Watching for file changes with StatReloader
C:\Users\User\PycharmProjects\Postgresql_DB\Sprint\tbase\views.py changed, reloading.
Watching for file changes with StatReloader
C:\Users\User\PycharmProjects\Postgresql_DB\Sprint\tbase\urls.py changed, reloading.
Watching for file changes with StatReloader
C:\Users\User\PycharmProjects\Postgresql_DB\Sprint\tbase\views.py changed, reloading.
Watching for file changes with StatReloader
Watching for file changes with StatReloader
Watching for file changes with StatReloader
C:\Users\User\PycharmProjects\Postgresql_DB\Sprint\tbase\views.py changed, reloading.
Watching for file changes with StatReloader
C:\Users\User\PycharmProjects\Postgresql_DB\Sprint\tbase\views.py changed, reloading.
Watching for file changes with StatReloader
Watching for file changes with StatReloader
Watching for file changes with StatReloader
Watching for file changes with StatReloader
C:\Users\User\PycharmProjects\Postgresql_DB\Sprint\tbase\urls.py changed, reloading.
Watching for file changes with StatReloader
Watching for file changes with StatReloader
C:\Users\User\PycharmProjects\Postgresql_DB\Sprint\tbase\urls.py changed, reloading.
Watching for file changes with StatReloader
C:\Users\User\PycharmProjects\Postgresql_DB\Sprint\tbase\views.py changed, reloading.
Watching for file changes with StatReloader
C:\Users\User\PycharmProjects\Postgresql_DB\Sprint\tbase\urls.py changed, reloading.
Watching for file changes with StatReloader
Method Not Allowed: /perevaladded/submitData/
C:\Users\User\PycharmProjects\Postgresql_DB\Sprint\tbase\views.py changed, reloading.
Watching for file changes with StatReloader
C:\Users\User\PycharmProjects\Postgresql_DB\Sprint\tbase\views.py changed, reloading.
Watching for file changes with StatReloader
C:\Users\User\PycharmProjects\Postgresql_DB\Sprint\tbase\views.py changed, reloading.
Watching for file changes with StatReloader
C:\Users\User\PycharmProjects\Postgresql_DB\Sprint\tbase\urls.py changed, reloading.
Watching for file changes with StatReloader
C:\Users\User\PycharmProjects\Postgresql_DB\Sprint\tbase\views.py changed, reloading.
Watching for file changes with StatReloader
C:\Users\User\PycharmProjects\Postgresql_DB\Sprint\tbase\urls.py changed, reloading.
Watching for file changes with StatReloader
C:\Users\User\PycharmProjects\Postgresql_DB\Sprint\tbase\views.py changed, reloading.
Watching for file changes with StatReloader
Bad Request: /perevaladded/
Method Not Allowed: /perevaladded/submitData/
C:\Users\User\PycharmProjects\Postgresql_DB\Sprint\tbase\urls.py changed, reloading.
Watching for file changes with StatReloader
C:\Users\User\PycharmProjects\Postgresql_DB\Sprint\tbase\urls.py changed, reloading.
Watching for file changes with StatReloader
Watching for file changes with StatReloader
C:\Users\User\PycharmProjects\Postgresql_DB\Sprint\tbase\views.py changed, reloading.
Watching for file changes with StatReloader
C:\Users\User\PycharmProjects\Postgresql_DB\Sprint\tbase\views.py changed, reloading.
Watching for file changes with StatReloader
C:\Users\User\PycharmProjects\Postgresql_DB\Sprint\tbase\views.py changed, reloading.
Watching for file changes with StatReloader
C:\Users\User\PycharmProjects\Postgresql_DB\Sprint\tbase\views.py changed, reloading.
Watching for file changes with StatReloader
C:\Users\User\PycharmProjects\Postgresql_DB\Sprint\tbase\views.py changed, reloading.
Watching for file changes with StatReloader
